<?xml version="1.0" encoding="UTF-8"?>
<!-- Generated by org.testng.reporters.JUnitXMLReporter -->
<testsuite ignored="0" hostname="MSI" failures="1" tests="4" name="Admin Tests" time="23.322" errors="0" timestamp="2025-07-18T17:15:13 IST">
  <testcase classname="com.orangehrm.automation.tests.AdminTests" name="verifyAdminMenuOptionsCount" time="14.791">
    <failure type="java.lang.AssertionError" message="❌ Expected 12 menu options but found 0 expected [12] but found [0]">
      <![CDATA[java.lang.AssertionError: ❌ Expected 12 menu options but found 0 expected [12] but found [0]
at com.orangehrm.automation.tests.AdminTests.verifyAdminMenuOptionsCount(AdminTests.java:24)
at java.base/java.util.ArrayList.forEach(ArrayList.java:1596)
... Removed 31 stack frames]]>
    </failure>
  </testcase> <!-- verifyAdminMenuOptionsCount -->
  <testcase classname="com.orangehrm.automation.tests.AdminTests" name="searchEmployeeByUsername" time="0.0">
    <skipped/>
  </testcase> <!-- searchEmployeeByUsername -->
  <testcase classname="com.orangehrm.automation.tests.AdminTests" name="searchEmployeeByUserRole" time="0.0">
    <skipped/>
  </testcase> <!-- searchEmployeeByUserRole -->
  <testcase classname="com.orangehrm.automation.tests.AdminTests" name="searchEmployeeByUserStatus" time="0.0">
    <skipped/>
  </testcase> <!-- searchEmployeeByUserStatus -->
</testsuite> <!-- Admin Tests -->
