<!DOCTYPE html PUBLIC "-//W3C//DTD XHTML 1.1//EN" "https://www.w3.org/TR/xhtml11/DTD/xhtml11.dtd">
<html xmlns="https://www.w3.org/1999/xhtml">
<head>
<meta http-equiv="content-type" content="text/html; charset=UTF-8"/>
<title>TestNG Report</title>
<style type="text/css">table {margin-bottom:10px;border-collapse:collapse;empty-cells:show}th,td {border:1px solid #009;padding:.25em .5em}th {vertical-align:bottom}td {vertical-align:top}table a {font-weight:bold}.stripe td {background-color: #E6EBF9}.num {text-align:right}.passedodd td {background-color: #3F3}.passedeven td {background-color: #0A0}.skippedodd td {background-color: #DDD}.skippedeven td {background-color: #CCC}.failedodd td,.attn {background-color: #F33}.failedeven td,.stripe .attn {background-color: #D00}.stacktrace {white-space:pre;font-family:monospace}.totop {font-size:85%;text-align:center;border-bottom:2px solid #000}.invisible {display:none}</style>
</head>
<body>
<table>
<tr><th>Test</th><th># Passed</th><th># Skipped</th><th># Retried</th><th># Failed</th><th>Time (ms)</th><th>Included Groups</th><th>Excluded Groups</th></tr>
<tr><th colspan="8">OrangeHRM Suite</th></tr>
<tr><td><a href="#t0">Login Tests</a></td><td class="num">0</td><td class="num">0</td><td class="num">0</td><td class="num attn">1</td><td class="num">54</td><td></td><td></td></tr>
<tr class="stripe"><td><a href="#t1">Admin Tests</a></td><td class="num">0</td><td class="num attn">3</td><td class="num">0</td><td class="num attn">1</td><td class="num">23,322</td><td></td><td></td></tr>
<tr><th>Total</th><th class="num">0</th><th class="num attn">3</th><th class="num">0</th><th class="num attn">2</th><th class="num">23,376</th><th colspan="2"></th></tr>
</table>
<table id='summary'><thead><tr><th>Class</th><th>Method</th><th>Start</th><th>Time (ms)</th></tr></thead><tbody><tr><th colspan="4">OrangeHRM Suite</th></tr></tbody><tbody id="t0"><tr><th colspan="4">Login Tests &#8212; failed</th></tr><tr class="failedeven"><td rowspan="1">com.orangehrm.automation.tests.LoginTests</td><td><a href="#m0">testLogin</a></td><td rowspan="1">1752839090140</td><td rowspan="1">0</td></tr></tbody>
<tbody id="t1"><tr><th colspan="4">Admin Tests &#8212; failed (configuration methods)</th></tr><tr class="failedeven"><td rowspan="1">com.orangehrm.automation.tests.AdminTests</td><td><a href="#m1">tearDownDriver</a></td><td rowspan="1">1752839113198</td><td rowspan="1">276</td></tr><tr><th colspan="4">Admin Tests &#8212; failed</th></tr><tr class="failedeven"><td rowspan="1">com.orangehrm.automation.tests.AdminTests</td><td><a href="#m2">verifyAdminMenuOptionsCount</a></td><td rowspan="1">1752839098398</td><td rowspan="1">14791</td></tr><tr><th colspan="4">Admin Tests &#8212; skipped (configuration methods)</th></tr><tr class="skippedeven"><td rowspan="6">com.orangehrm.automation.tests.AdminTests</td><td><a href="#m3">setupDriver</a></td><td rowspan="3">1752839113540</td><td rowspan="3">0</td></tr><tr class="skippedeven"><td><a href="#m4">setupDriver</a></td></tr><tr class="skippedeven"><td><a href="#m5">setupDriver</a></td></tr><tr class="skippedeven"><td><a href="#m6">tearDownDriver</a></td><td rowspan="3">1752839113549</td><td rowspan="3">0</td></tr><tr class="skippedeven"><td><a href="#m7">tearDownDriver</a></td></tr><tr class="skippedeven"><td><a href="#m8">tearDownDriver</a></td></tr><tr><th colspan="4">Admin Tests &#8212; skipped</th></tr><tr class="skippedeven"><td rowspan="3">com.orangehrm.automation.tests.AdminTests</td><td><a href="#m9">searchEmployeeByUserRole</a></td><td rowspan="1">1752839113504</td><td rowspan="1">0</td></tr><tr class="skippedeven"><td><a href="#m10">searchEmployeeByUserStatus</a></td><td rowspan="1">1752839113543</td><td rowspan="1">0</td></tr><tr class="skippedeven"><td><a href="#m11">searchEmployeeByUsername</a></td><td rowspan="1">1752839113487</td><td rowspan="1">0</td></tr></tbody>
</table>
<h2>Login Tests</h2><h3 id="m0">com.orangehrm.automation.tests.LoginTests#testLogin</h3><table class="result"><tr><th>Exception</th></tr><tr><td><div class="stacktrace">org.testng.TestNGException: 
Data Provider public java.lang.Object[][] com.orangehrm.automation.tests.LoginTests.getLoginData() returned a null value
	at java.base/java.util.ArrayList.forEach(ArrayList.java:1596)
... Removed 24 stack frames</div></td></tr></table><p class="totop"><a href="#summary">back to summary</a></p>
<h2>Admin Tests</h2><h3 id="m1">com.orangehrm.automation.tests.AdminTests#tearDownDriver</h3><table class="result"><tr class="param"><th>Parameter #1</th></tr><tr class="param stripe"><td>[TestResult name=verifyAdminMenuOptionsCount status=FAILURE method=AdminTests.verifyAdminMenuOptionsCount()[pri:1, instance:com.orangehrm.automation.tests.AdminTests@37883b97] output={null}]</td></tr><tr><th>Exception</th></tr><tr><td><div class="stacktrace">java.lang.NullPointerException: Cannot invoke &quot;com.aventstack.extentreports.ExtentTest.fail(String)&quot; because the return value of &quot;java.lang.ThreadLocal.get()&quot; is null
	at com.orangehrm.automation.base.BaseTest.tearDownDriver(BaseTest.java:46)
	at java.base/java.util.ArrayList.forEach(ArrayList.java:1596)
... Removed 30 stack frames</div></td></tr></table><p class="totop"><a href="#summary">back to summary</a></p>
<h3 id="m2">com.orangehrm.automation.tests.AdminTests#verifyAdminMenuOptionsCount</h3><table class="result"><tr><th>Exception</th></tr><tr><td><div class="stacktrace">java.lang.AssertionError: ‚ùå Expected 12 menu options but found 0 expected [12] but found [0]
	at com.orangehrm.automation.tests.AdminTests.verifyAdminMenuOptionsCount(AdminTests.java:24)
	at java.base/java.util.ArrayList.forEach(ArrayList.java:1596)
... Removed 31 stack frames</div></td></tr></table><p class="totop"><a href="#summary">back to summary</a></p>
<h3 id="m3">com.orangehrm.automation.tests.AdminTests#setupDriver</h3><table class="result"><tr><th class="invisible"/></tr></table><p class="totop"><a href="#summary">back to summary</a></p>
<h3 id="m4">com.orangehrm.automation.tests.AdminTests#setupDriver</h3><table class="result"><tr><th class="invisible"/></tr></table><p class="totop"><a href="#summary">back to summary</a></p>
<h3 id="m5">com.orangehrm.automation.tests.AdminTests#setupDriver</h3><table class="result"><tr><th class="invisible"/></tr></table><p class="totop"><a href="#summary">back to summary</a></p>
<h3 id="m6">com.orangehrm.automation.tests.AdminTests#tearDownDriver</h3><table class="result"><tr><th class="invisible"/></tr></table><p class="totop"><a href="#summary">back to summary</a></p>
<h3 id="m7">com.orangehrm.automation.tests.AdminTests#tearDownDriver</h3><table class="result"><tr><th class="invisible"/></tr></table><p class="totop"><a href="#summary">back to summary</a></p>
<h3 id="m8">com.orangehrm.automation.tests.AdminTests#tearDownDriver</h3><table class="result"><tr><th class="invisible"/></tr></table><p class="totop"><a href="#summary">back to summary</a></p>
<h3 id="m9">com.orangehrm.automation.tests.AdminTests#searchEmployeeByUserRole</h3><table class="result"><tr><th>Exception</th></tr><tr><td><div class="stacktrace">java.lang.NullPointerException: Cannot invoke &quot;com.aventstack.extentreports.ExtentTest.fail(String)&quot; because the return value of &quot;java.lang.ThreadLocal.get()&quot; is null
	at com.orangehrm.automation.base.BaseTest.tearDownDriver(BaseTest.java:46)
	at java.base/java.util.ArrayList.forEach(ArrayList.java:1596)
... Removed 30 stack frames</div></td></tr></table><p class="totop"><a href="#summary">back to summary</a></p>
<h3 id="m10">com.orangehrm.automation.tests.AdminTests#searchEmployeeByUserStatus</h3><table class="result"><tr><th>Exception</th></tr><tr><td><div class="stacktrace">java.lang.NullPointerException: Cannot invoke &quot;com.aventstack.extentreports.ExtentTest.fail(String)&quot; because the return value of &quot;java.lang.ThreadLocal.get()&quot; is null
	at com.orangehrm.automation.base.BaseTest.tearDownDriver(BaseTest.java:46)
	at java.base/java.util.ArrayList.forEach(ArrayList.java:1596)
... Removed 30 stack frames</div></td></tr></table><p class="totop"><a href="#summary">back to summary</a></p>
<h3 id="m11">com.orangehrm.automation.tests.AdminTests#searchEmployeeByUsername</h3><table class="result"><tr><th>Exception</th></tr><tr><td><div class="stacktrace">java.lang.NullPointerException: Cannot invoke &quot;com.aventstack.extentreports.ExtentTest.fail(String)&quot; because the return value of &quot;java.lang.ThreadLocal.get()&quot; is null
	at com.orangehrm.automation.base.BaseTest.tearDownDriver(BaseTest.java:46)
	at java.base/java.util.ArrayList.forEach(ArrayList.java:1596)
... Removed 30 stack frames</div></td></tr></table><p class="totop"><a href="#summary">back to summary</a></p>
</body>
</html>
